balance.log
------------------------------------------------------------------------------------------------------
pat31:
	39-31-23-31-44-23-31-23
	39:ほのお
	31:ファイア
	23:ファイラ
	44:にらみ(眠り)
pat32: 23-39-23-39-23-23-39-39
	0E:ファイガ

pat33: 4F-4e-4e-4e-4e-09-09-09
 分裂・増殖・ドレイン(25%)

pat34: 0a-0a-0b-0c-13-1a-1f-21
 ケアルガ・エスナ・リフレク・ヘイスト・プロテス・ライブラ・サイレス (50%)

//pat35: 39-3a-3b-3d-3e-44-45-4d
// ほのお・ふぶき・かみなり・どくぎり・じしん
// にらみ(混乱)・にらみ(眠り) ・バリアチェンジ
pat35: 39-3a-3b-3d-00-17-17-4d
	ほのお・ふぶき・かみなり・じしん・フレア・イレース・バリアチェンジ

pat36: 38-00-2e-38-17-02-01-38
 ざんてつけん・フレア・トード・ざんてつけん・イレース・メテオ・デス・ざんてつけん (75%)

//pat37: 13-13-13-13-13-13-13-13
pat37: 2c-2c-2c-2c-13-13-13-13
 ブライン・ヘイスト
-------------------------------------------------------------------------------------------------------
enemy:
16 mandrake => aniel
	gfx:42 => 54
	str:d4e2 => CA DF CD F2 00
	gil:48 => 1800
	exp: 72 (id:08) => 3000 (id: 2d)
63 captain => assasin
	gfx:00 => 31
	str:d6e8
		D0 BD 59 DC F6 00 => CA D4 D5 F6 00 00
	gil:410 => 8000
66 phoenix => ironman
	gfx:
8d hob-goblin => little murder
	gfx:00 => 00
	str:d7ef
		E7 54 47 54 F1 F6 00 => F1 F2 E8 C2 4D C2 00
be spligun => dual-biter
	gfx:72 => a1
bf terrible dragon
=======================================================================================================
party: (5c400-) {palleteId[2], enemyId[4] }
f4:	アニエル
	c8 c9 | b1 ff ff ff => 5a 5b 16 ff ff ff
f5:	アサシン
	ca cb | b2 ff ff ff => 30 31 63 ff ff ff
f6:	リルマーダー
	cc cd | b3 ff ff ff => 30 31 8d ff ff ff
f7:	デュアルバイター
	ce cf | b4 ff ff ff => ce cf be ff ff ff
f8:	テリブルドラゴン
	d0 d1 | b9 ff ff ff => d0 d0 bf ff ff ff
f9:	テツキョジン
fa:	さまようきんか
	d4 25 | c3 ff ff ff => ab a7  59 ff ff ff
encounter def: (5c000-) { group, pattern }
1-16: (22)
	59 11 => f4 0a ( 2-5/0/0/0 ) //0a:拡張
1-52: (82)
	9f 00 => f5 07 (2-4/0/0/0)
1-66: (102)
	b3 11 => f6 09 (4-8/0/0/0, オリジナル未使用)
1-99: (153)
	8d 25 => f7 06 (1-2/0/0/0)
1-ab: (171)
	9f 37 => f8 00 (1-1/0/0/0)
1-bf:

1-e8: (232)
	a4:クムクム/-/-/-
	d8 26 => a4 04 (6-6/0/0/0,オリジナル未使用)
1-e9: (233)
	d9 25 => fa 09 (4-8/0/0/0,オリジナル未使用)
1-ea: (234)
	99:スレイプニル/-/-/-
	da 24 => 99 08 (3-6/0/0/0)

floor's encounter table: (5d2f0-)
note:warpId instead of floorId
1-F3:	00 => 0a
1-F4:	00 => 0b
1-F5:	00 => 0c

encounter table: (5d4f0-)
0a:
	00 00 00 00 00 00 00 00 => 16 52 66 99 ab 16 ab e9
0b:
	00 00 00 00 00 00 00 00 =>81 82 83 e8 ea ea e9 ef
	buggy: eb ec ed e8 ea ea e9 ef
	where:
		81: レッドドラゴン 1
			181 => { db, 80 }
				db => レッドドラゴン/-/-/-
				80 => 1-1/0/0/0
			1eb => { db, 0c }
				0c => 1-1/2-2/0/0
		82: イエロードラゴン 1
			182 => { dc, 80 }
		83: グリーンドラゴン 1
			183 => { dd, 80 }
		e8: クムクム 6-6
		ea: スレイプニル 3-6
		e9: さまようきんか 4-8
		ef: ザンデクローン 1
	
	
floor's encounter bound (rate) : (73e00-)
note:warpId
1-F3:	00 => 10
1-F4:	00 => 10
1-F5:	00 => 10
=======================================================================================================
ステータスID
27 => 12x50% 70 little murder
29 => 30x80% 160 dual biter
2a => 20x15% 120 aniel
2b => 14x70% 210 aniel/little murder
2c => 32x10% 10 little murder
2d => 8x70% 0 terrible dragon
2e => 11x110% 160 assasin
47 => 12x95% 255 terrible dragon
51 => 16x25% 20 assasin
69 => 5x50% 230 assasin
84 => 28x100% 255 ironman
97 => 5x70% 30 aniel
=======================================================================================================
map: row35 => 2e7b (0fe7b)
 (8f,35) : 0fea1:
	25 26 96 13 => 25 76 96 13

event:
chip76:
	9e 0e => 9e 3f

entrance: (00800-)
1-3F:
	00 => F3

warp id to floor id: (00a00-)
1-F3:
	CC => FA

warp param: (04000-)
1-F3: (5f30)
	1C C6 FF 5F 00 58 29 1A F3 F4 23 00 22 86 00 00 =>
	00 00 7F 5F 00 58 29 1A F3 F4 47 00 22 86 00 00 (x,y = 0; musicId = 47)

127 => 292
floor data offset: (22000-)
1-FA:
	0200 => dfd4 (= 2ffd4)

floor map:
1-FA: (2ffd4)
	83 80 83 80 83 80 83 80 83 80 83 80 83 80 83 80
-------------------------------------------------------------------------------------------------------
ジン(id:cd,enc:0-4e)
	rate 85 => 50
	atk  48 (60% 3x16) => 4d (70% 3x21)
	def  05 (30% 0x1) => 07 (15% 1x2)
	mdef a9(16% 1x32)
	pattern 1b => 31

サラマンダー(id:d1,enc:0-52)
	lv	19 => 19
	int/men 24/24 => 24/24
	skillLv 0 => 0
	hp	2100 => 2800
	rate	80 => 66
	atk	5f(90% 4x39) => 65(70% 5x50)
	def	10(10% 2x3) => 1f(40% 2x5)
	mdef	9d(40% 2x48) => 9c(32% 1x40)
	pattern	00 => 00


まどうしハイン(id:d2,enc:0-53)
	mdef 1d (25% 2x5) => 9d (40% 2x48)

クラーケン(id:d3 enc:1-67)


ae(174): グリーンドラゴン
	skillLv 48 => 240
	rate	00 => 25
	enchant 00 => 02 (毒)
	int/men da => ff
	atk	98(10x80% 170) => 9a(11x70% 185)
	resist	20 => 7F
	defattr 00 => 40
	pattern 00 => 03 (どくぎり)
c8(200): イエロードラゴン
	defattr 00 => 04
	int/men da => ff
	pattern 00 => 02 (かみなり)
df(223): レッドドラゴン
	lv 85 => 96
	rate 00 => 60
	int/men cb => ff
	defattr fe => fe
	pattern 00 => 00 (ほのお)

=================================================================================================
*線形合同法の係数変更(戦闘用乱数列初期化処理)
	r[n+1] = a*r[n] mod 400h ; a=3or5 => 11or13
	$7fc47: 69 03	adc #$03 => 69 0b adc #$0b

*Lv5魔法の行使可能職タイプ変更
	サンダガ	$61978+7: 2e(賢魔黒) => 2f(賢魔赤黒)
	キル		$61980+7: 2e => 2f
	イレース	$61988+7: 2e => 2f
	ケアルダ	$61990+7: 30(賢導白) => 31(賢導赤白)
	レイズ		$61998+7: 30 => 31
	プロテス	$619a0+7: 30 => 31

*装備タイプ33h変更
	$009a9: 14 00 08(賢導白) => 20 00 a0(忍ナ赤)

*ブレイクブレイドとディフェンダーの装備タイプ変更
	$61598+7:	0E(忍ナ) => 33
	$615b8+7:	0E => 33